<?xml version="1.0" encoding="UTF-8"?>
<testsuite name="CrawlerTest1" tests="1" skipped="0" failures="0" errors="0" timestamp="2016-11-20T01:26:29" hostname="Socrates" time="0.065">
  <properties/>
  <testcase name="testInternet1" classname="CrawlerTest1" time="0.065"/>
  <system-out><![CDATA[---------------------------------------------
-=RESULTS FROM internet1.json=-
Success:
["http://foo.bar.com/p1", "http://foo.bar.com/p2", "http://foo.bar.com/p4", "http://foo.bar.com/p5", "http://foo.bar.com/p6"]

Skipped:
["http://foo.bar.com/p1", "http://foo.bar.com/p2", "http://foo.bar.com/p4", "http://foo.bar.com/p5"]

Error:
["http://foo.bar.com/p3", "http://foo.bar.com/p7"]
-=EXPECTED OUTPUT FOR internet1.json=-
Success:
["http://foo.bar.com/p1", "http://foo.bar.com/p2", "http://foo.bar.com/p4", "http://foo.bar.com/p5", "http://foo.bar.com/p6"] 

Skipped:
["http://foo.bar.com/p2", "http://foo.bar.com/p4","http://foo.bar.com/p1", "http://foo.bar.com/p5"]

Error:
["http://foo.bar.com/p3", "http://foo.bar.com/p7"]
---------------------------------------------
]]></system-out>
  <system-err><![CDATA[]]></system-err>
</testsuite>
